<?xml version="1.0" encoding="UTF-8"?>
<!-- Generated by org.testng.reporters.JUnitReportReporter -->
<testsuite hostname="Gopis-MacBook-Pro.local" failures="0" tests="1" name="com.Kiddo.Driver.BaseTest" time="7.532" errors="0" timestamp="2023-02-09T15:24:38 IST" skipped="0">
  <testcase classname="com.Kiddo.Driver.BaseTest" name="setBaseURI" time="7.532"/>
  <system-out/>
</testsuite> <!-- com.Kiddo.Driver.BaseTest -->
