<?xml version="1.0" encoding="UTF-8"?>
<!-- Generated by org.testng.reporters.JUnitReportReporter -->
<testsuite hostname="Gopis-MacBook-Pro.local" failures="0" tests="2" name="Auth.Authsetup" time="8.534" errors="0" timestamp="2023-02-21T10:53:41 IST" skipped="0">
  <testcase classname="Auth.Authsetup" name="getass" time="4.290"/>
  <system-out/>
  <testcase classname="Auth.Authsetup" name="getoken" time="4.244"/>
  <system-out/>
</testsuite> <!-- Auth.Authsetup -->
